<?xml version="1.0" encoding="UTF-8"?>
<!-- Generated by org.testng.reporters.JUnitReportReporter -->
<testsuite hostname="Logan" failures="0" tests="1" name="runners.PlaywrightTestRunner" time="5.005" errors="0" timestamp="2025-08-08T02:24:09 CST" skipped="0">
  <testcase classname="runners.PlaywrightTestRunner" name="runScenario" time="5.005"/>
</testsuite> <!-- runners.PlaywrightTestRunner -->
