<?xml version="1.0" encoding="UTF-8"?>
<!-- Generated by org.testng.reporters.JUnitReportReporter -->
<testsuite hostname="Logan" failures="0" tests="1" name="runners.PythonScriptRunner" time="0.038" errors="0" timestamp="2025-08-08T02:24:09 CST" skipped="0">
  <testcase classname="runners.PythonScriptRunner" name="runPythonScript" time="0.038"/>
</testsuite> <!-- runners.PythonScriptRunner -->
