<?xml version="1.0" encoding="UTF-8"?>
<!-- Generated by org.testng.reporters.JUnitReportReporter -->
<testsuite hostname="Logan" failures="0" tests="1" name="runners.SeleniumTestRunner" time="5.760" errors="0" timestamp="2025-08-08T02:24:09 CST" skipped="0">
  <testcase classname="runners.SeleniumTestRunner" name="runScenario" time="5.760"/>
</testsuite> <!-- runners.SeleniumTestRunner -->
